<?xml version="1.0" encoding="UTF-8"?>
<!-- Generated by org.testng.reporters.JUnitReportReporter -->
<testsuite hostname="Tsales-p014" failures="0" tests="3" name="magentoLab.MagntoClass" time="1.019" errors="0" timestamp="2023-10-23T11:37:03 EET" skipped="0">
  <testcase classname="magentoLab.MagntoClass" name="myFirstTest" time="0.346"/>
  <system-out/>
  <testcase classname="magentoLab.MagntoClass" name="myFirstTest" time="0.360"/>
  <system-out/>
  <testcase classname="magentoLab.MagntoClass" name="myFirstTest" time="0.313"/>
  <system-out/>
</testsuite> <!-- magentoLab.MagntoClass -->
